2021-02-01 10:30:19,769 WARN  [SoapUI] Missing folder [C:\Users\TariqAnsari\workspaceAPI\Project\my-app\ext] for external libraries
2021-02-01 10:30:20,113 INFO  [DefaultSoapUICore] initialized soapui-settings from [C:\Users\TariqAnsari\soapui-settings.xml]
2021-02-01 10:30:22,707 INFO  [WsdlProject] Loaded project from [file:/C:/Users/TariqAnsari/workspaceAPI/Project/my-app/Calculate-soapui-project.xml]
2021-02-01 10:30:23,168 INFO  [SoapUITestCaseRunner] Running SoapUI tests in project [Calculate]
2021-02-01 10:30:23,173 INFO  [SoapUITestCaseRunner] Running Project [Calculate], runType = SEQUENTIAL
2021-02-01 10:30:23,197 INFO  [SoapUITestCaseRunner] Running SoapUI testcase [TC_001_Property & Property Transfer]
2021-02-01 10:30:23,229 INFO  [SoapUITestCaseRunner] running step [Properties]
2021-02-01 10:30:23,299 INFO  [SoapUITestCaseRunner] running step [Property Transfer]
2021-02-01 10:30:23,645 INFO  [SoapUITestCaseRunner] running step [Property Transfer Subtract]
2021-02-01 10:30:23,651 INFO  [SoapUITestCaseRunner] running step [Subtract]
2021-02-01 10:30:24,909 INFO  [SoapUITestCaseRunner] Assertion [SOAP Response] has status VALID
2021-02-01 10:30:24,909 INFO  [SoapUITestCaseRunner] running step [Add]
2021-02-01 10:30:25,442 INFO  [SoapUITestCaseRunner] Assertion [SOAP Response] has status VALID
2021-02-01 10:30:25,442 INFO  [SoapUITestCaseRunner] Finished running SoapUI testcase [TC_001_Property & Property Transfer], time taken: 2195ms, status: FINISHED
2021-02-01 10:30:25,447 INFO  [SoapUITestCaseRunner] Running SoapUI testcase [TC_001_Property & Property Expansion]
2021-02-01 10:30:25,447 INFO  [SoapUITestCaseRunner] running step [Properties_Add]
2021-02-01 10:30:25,448 INFO  [SoapUITestCaseRunner] running step [Add]
2021-02-01 10:30:26,053 INFO  [SoapUITestCaseRunner] Assertion [SOAP Response] has status VALID
2021-02-01 10:30:26,053 INFO  [SoapUITestCaseRunner] Finished running SoapUI testcase [TC_001_Property & Property Expansion], time taken: 603ms, status: FINISHED
2021-02-01 10:30:26,055 INFO  [SoapUITestCaseRunner] Project [Calculate] finished with status [FINISHED] in 2872ms
